<?xml version="1.0" encoding="UTF-8"?>
<!-- Generated by org.testng.reporters.JUnitReportReporter -->
<testsuite hostname="LAPTOP-CM51QT3D" failures="0" tests="6" name="LearningTestNG.WorkingWithDependency" time="0.018" errors="0" timestamp="2023-12-13T17:49:39 IST" skipped="0">
  <testcase classname="LearningTestNG.WorkingWithDependency" name="Signin" time="0.001">
    <system-out>
      <![CDATA[SigIn to An Apllication]]>
    </system-out>
  </testcase> <!-- Signin -->
  <testcase classname="LearningTestNG.WorkingWithDependency" name="Registration" time="0.012">
    <system-out>
      <![CDATA[Registration page is display]]>
    </system-out>
  </testcase> <!-- Registration -->
  <testcase classname="LearningTestNG.WorkingWithDependency" name="FirstName" time="0.000">
    <system-out>
      <![CDATA[Enter First name]]>
    </system-out>
  </testcase> <!-- FirstName -->
  <testcase classname="LearningTestNG.WorkingWithDependency" name="LastName" time="0.003">
    <system-out>
      <![CDATA[Enter Last Name]]>
    </system-out>
  </testcase> <!-- LastName -->
  <testcase classname="LearningTestNG.WorkingWithDependency" name="Password" time="0.001">
    <system-out>
      <![CDATA[Enter password]]>
    </system-out>
  </testcase> <!-- Password -->
  <testcase classname="LearningTestNG.WorkingWithDependency" name="Confirmedpassword" time="0.001">
    <system-out>
      <![CDATA[Enter ConfirmedPassword]]>
    </system-out>
  </testcase> <!-- Confirmedpassword -->
  <system-out>
    <![CDATA[Registration page is display
SigIn to An Apllication
Enter First name
Enter Last Name
Enter password
Enter ConfirmedPassword]]>
  </system-out>
</testsuite> <!-- LearningTestNG.WorkingWithDependency -->
