<?xml version="1.0" encoding="UTF-8"?>
<!-- Generated by org.testng.reporters.JUnitReportReporter -->
<testsuite hostname="LAPTOP-CM51QT3D" failures="0" tests="2" name="sayalee.crossBrowserSupra" time="26.394" errors="0" timestamp="2023-12-15T11:09:09 IST" skipped="0">
  <testcase classname="sayalee.crossBrowserSupra" name="supra" time="17.239"/>
  <testcase classname="sayalee.crossBrowserSupra" name="supra" time="9.155"/>
</testsuite> <!-- sayalee.crossBrowserSupra -->
