<?xml version="1.0" encoding="UTF-8"?>
<!-- Generated by org.testng.reporters.JUnitReportReporter -->
<testsuite hostname="LAPTOP-CM51QT3D" failures="0" tests="3" name="dataprovider.MultipleApplications" time="31.385" errors="0" timestamp="2023-12-18T22:36:32 IST" skipped="0">
  <testcase classname="dataprovider.MultipleApplications" name="application" time="11.145"/>
  <testcase classname="dataprovider.MultipleApplications" name="application" time="13.707"/>
  <testcase classname="dataprovider.MultipleApplications" name="application" time="6.533"/>
</testsuite> <!-- dataprovider.MultipleApplications -->
