<?xml version="1.0" encoding="UTF-8"?>
<!-- Generated by org.testng.reporters.JUnitReportReporter -->
<testsuite hostname="LAPTOP-CM51QT3D" failures="0" tests="5" name="LearningTestNG.WorkingWithhelperAttribute" time="36.721" errors="0" timestamp="2023-12-13T13:06:51 IST" skipped="0">
  <testcase classname="LearningTestNG.WorkingWithhelperAttribute" name="Skillrary" time="5.307"/>
  <testcase classname="LearningTestNG.WorkingWithhelperAttribute" name="Skillrary" time="6.043"/>
  <testcase classname="LearningTestNG.WorkingWithhelperAttribute" name="Skillrary" time="3.831"/>
  <testcase classname="LearningTestNG.WorkingWithhelperAttribute" name="Naukri" time="5.141"/>
  <testcase classname="LearningTestNG.WorkingWithhelperAttribute" name="Zomato" time="16.399"/>
</testsuite> <!-- LearningTestNG.WorkingWithhelperAttribute -->
