<?xml version="1.0" encoding="UTF-8"?>
<!-- Generated by org.testng.reporters.JUnitReportReporter -->
<testsuite hostname="LAPTOP-CM51QT3D" failures="0" tests="2" name="dataprovider.ToReadMultipleRow" time="12.719" errors="0" timestamp="2023-12-19T11:18:53 IST" skipped="0">
  <testcase classname="dataprovider.ToReadMultipleRow" name="EnterDetails" time="6.195"/>
  <testcase classname="dataprovider.ToReadMultipleRow" name="EnterDetails" time="6.524"/>
</testsuite> <!-- dataprovider.ToReadMultipleRow -->
