<?xml version="1.0" encoding="UTF-8"?>
<!-- Generated by org.testng.reporters.JUnitReportReporter -->
<testsuite hostname="LAPTOP-CM51QT3D" failures="0" tests="1" name="Jewallary.Reliance" time="20.212" errors="0" timestamp="2023-12-14T10:44:17 IST" skipped="0">
  <testcase classname="Jewallary.Reliance" name="reliance" time="20.212"/>
</testsuite> <!-- Jewallary.Reliance -->
