<?xml version="1.0" encoding="UTF-8"?>
<!-- Generated by org.testng.reporters.JUnitReportReporter -->
<testsuite hostname="LAPTOP-CM51QT3D" failures="0" tests="2" name="sayalee.crossBrowserRollsRoyce" time="14.522" errors="0" timestamp="2023-12-15T11:09:08 IST" skipped="0">
  <testcase classname="sayalee.crossBrowserRollsRoyce" name="rollsroyce" time="4.239"/>
  <testcase classname="sayalee.crossBrowserRollsRoyce" name="rollsroyce" time="10.283"/>
</testsuite> <!-- sayalee.crossBrowserRollsRoyce -->
