<?xml version="1.0" encoding="UTF-8"?>
<!-- Generated by org.testng.reporters.JUnitReportReporter -->
<testsuite hostname="LAPTOP-CM51QT3D" failures="0" tests="6" name="dataprovider.Practice" time="31.771" errors="0" timestamp="2023-12-18T22:12:07 IST" skipped="0">
  <testcase classname="dataprovider.Practice" name="emailtextbox" time="3.051"/>
  <testcase classname="dataprovider.Practice" name="emailtextbox" time="3.414"/>
  <testcase classname="dataprovider.Practice" name="emailtextbox" time="2.962"/>
  <testcase classname="dataprovider.Practice" name="emailtextbox" time="10.006"/>
  <testcase classname="dataprovider.Practice" name="emailtextbox" time="2.739"/>
  <testcase classname="dataprovider.Practice" name="emailtextbox" time="9.599"/>
</testsuite> <!-- dataprovider.Practice -->
