<?xml version="1.0" encoding="UTF-8"?>
<!-- Generated by org.testng.reporters.JUnitReportReporter -->
<testsuite hostname="LAPTOP-CM51QT3D" failures="0" tests="2" name="Jewallary.Kalyan" time="25.599" errors="0" timestamp="2023-12-18T12:52:48 IST" skipped="0">
  <testcase classname="Jewallary.Kalyan" name="kalyan" time="22.438"/>
  <testcase classname="Jewallary.Kalyan" name="josalikks" time="3.161"/>
</testsuite> <!-- Jewallary.Kalyan -->
