<?xml version="1.0" encoding="UTF-8"?>
<!-- Generated by org.testng.reporters.JUnitReportReporter -->
<testsuite hostname="LAPTOP-CM51QT3D" failures="0" tests="1" name="Stationary.Apsara" time="36.661" errors="0" timestamp="2023-12-14T15:52:55 IST" skipped="0">
  <testcase classname="Stationary.Apsara" name="apsara" time="36.661"/>
</testsuite> <!-- Stationary.Apsara -->
