<?xml version="1.0" encoding="UTF-8"?>
<!-- Generated by org.testng.reporters.JUnitReportReporter -->
<testsuite hostname="LAPTOP-CM51QT3D" failures="0" tests="1" name="genric.BaseScript1" time="0.009" errors="0" timestamp="2023-12-18T12:59:40 IST" skipped="0">
  <testcase classname="genric.BaseScript1" name="method1" time="0.009">
    <system-out>
      <![CDATA[From mrthod1]]>
    </system-out>
  </testcase> <!-- method1 -->
  <system-out>
    <![CDATA[from before suite
from before test
from before class
from before method
From mrthod1
from after method
from after class
from before class
from before method
From method2
from after method
from after class
from after test
from after suite]]>
  </system-out>
</testsuite> <!-- genric.BaseScript1 -->
