<?xml version="1.0" encoding="UTF-8"?>
<!-- Generated by org.testng.reporters.JUnitReportReporter -->
<testsuite hostname="LAPTOP-CM51QT3D" failures="0" tests="2" name="sayalee.crossBrowserKoenigsegg" time="15.756" errors="0" timestamp="2023-12-15T11:09:08 IST" skipped="0">
  <testcase classname="sayalee.crossBrowserKoenigsegg" name="koenigsegg" time="10.465"/>
  <testcase classname="sayalee.crossBrowserKoenigsegg" name="koenigsegg" time="5.291"/>
</testsuite> <!-- sayalee.crossBrowserKoenigsegg -->
