<?xml version="1.0" encoding="UTF-8"?>
<!-- Generated by org.testng.reporters.JUnitReportReporter -->
<testsuite hostname="LAPTOP-CM51QT3D" failures="0" tests="6" name="dataprovider.Practice1" time="20.620" errors="0" timestamp="2023-12-18T22:25:07 IST" skipped="0">
  <testcase classname="dataprovider.Practice1" name="enteringvalue" time="3.192"/>
  <testcase classname="dataprovider.Practice1" name="enteringvalue" time="3.207"/>
  <testcase classname="dataprovider.Practice1" name="enteringvalue" time="4.902"/>
  <testcase classname="dataprovider.Practice1" name="enteringvalue" time="2.717"/>
  <testcase classname="dataprovider.Practice1" name="enteringvalue" time="2.998"/>
  <testcase classname="dataprovider.Practice1" name="enteringvalue" time="3.604"/>
</testsuite> <!-- dataprovider.Practice1 -->
