<?xml version="1.0" encoding="UTF-8"?>
<!-- Generated by org.testng.reporters.JUnitReportReporter -->
<testsuite hostname="LAPTOP-CM51QT3D" failures="0" tests="1" name="CrossBrowser.Lenovo" time="3.303" errors="0" timestamp="2023-12-18T11:30:47 IST" skipped="0">
  <testcase classname="CrossBrowser.Lenovo" name="lenovo" time="3.303"/>
</testsuite> <!-- CrossBrowser.Lenovo -->
