<?xml version="1.0" encoding="UTF-8"?>
<!-- Generated by org.testng.reporters.JUnitReportReporter -->
<testsuite hostname="LAPTOP-CM51QT3D" failures="0" tests="6" name="dataprovider.Practice3" time="19.790" errors="0" timestamp="2023-12-19T09:25:58 IST" skipped="0">
  <testcase classname="dataprovider.Practice3" name="EnteringData" time="4.511"/>
  <testcase classname="dataprovider.Practice3" name="EnteringData" time="3.885"/>
  <testcase classname="dataprovider.Practice3" name="EnteringData" time="2.851"/>
  <testcase classname="dataprovider.Practice3" name="EnteringData" time="2.800"/>
  <testcase classname="dataprovider.Practice3" name="EnteringData" time="2.937"/>
  <testcase classname="dataprovider.Practice3" name="EnteringData" time="2.806"/>
</testsuite> <!-- dataprovider.Practice3 -->
