<?xml version="1.0" encoding="UTF-8"?>
<!-- Generated by org.testng.reporters.JUnitReportReporter -->
<testsuite hostname="LAPTOP-CM51QT3D" failures="0" tests="6" name="dataprovider.Practice4" time="15.803" errors="0" timestamp="2023-12-19T10:12:57 IST" skipped="0">
  <testcase classname="dataprovider.Practice4" name="enteringdata" time="2.438"/>
  <testcase classname="dataprovider.Practice4" name="enteringdata" time="2.631"/>
  <testcase classname="dataprovider.Practice4" name="enteringdata" time="2.225"/>
  <testcase classname="dataprovider.Practice4" name="enteringdata" time="2.209"/>
  <testcase classname="dataprovider.Practice4" name="enteringdata" time="4.075"/>
  <testcase classname="dataprovider.Practice4" name="enteringdata" time="2.225"/>
</testsuite> <!-- dataprovider.Practice4 -->
