<?xml version="1.0" encoding="UTF-8"?>
<!-- Generated by org.testng.reporters.JUnitReportReporter -->
<testsuite hostname="LAPTOP-CM51QT3D" failures="0" tests="3" name="LearningTestNG.HelpAttribute" time="0.014" errors="0" timestamp="2023-12-13T12:34:53 IST" skipped="0">
  <testcase classname="LearningTestNG.HelpAttribute" name="learn" time="0.012">
    <system-out>
      <![CDATA[End]]>
    </system-out>
  </testcase> <!-- learn -->
  <testcase classname="LearningTestNG.HelpAttribute" name="test" time="0.001">
    <system-out>
      <![CDATA[lets start TestNg]]>
    </system-out>
  </testcase> <!-- test -->
  <testcase classname="LearningTestNG.HelpAttribute" name="pause" time="0.001">
    <system-out>
      <![CDATA[pause Method]]>
    </system-out>
  </testcase> <!-- pause -->
  <system-out>
    <![CDATA[End
lets start TestNg
pause Method]]>
  </system-out>
</testsuite> <!-- LearningTestNG.HelpAttribute -->
