<?xml version="1.0" encoding="UTF-8"?>
<!-- Generated by org.testng.reporters.JUnitReportReporter -->
<testsuite hostname="LAPTOP-CM51QT3D" failures="0" tests="6" name="dataprovider.ToReaddataInDemo" time="25.811" errors="0" timestamp="2023-12-18T18:21:18 IST" skipped="0">
  <testcase classname="dataprovider.ToReaddataInDemo" name="TestinguserNameTextField" time="3.784"/>
  <testcase classname="dataprovider.ToReaddataInDemo" name="TestinguserNameTextField" time="3.675"/>
  <testcase classname="dataprovider.ToReaddataInDemo" name="TestinguserNameTextField" time="4.601"/>
  <testcase classname="dataprovider.ToReaddataInDemo" name="TestinguserNameTextField" time="4.740"/>
  <testcase classname="dataprovider.ToReaddataInDemo" name="TestinguserNameTextField" time="3.525"/>
  <testcase classname="dataprovider.ToReaddataInDemo" name="TestinguserNameTextField" time="5.486"/>
</testsuite> <!-- dataprovider.ToReaddataInDemo -->
