<?xml version="1.0" encoding="UTF-8"?>
<!-- Generated by org.testng.reporters.JUnitReportReporter -->
<testsuite hostname="LAPTOP-CM51QT3D" failures="0" tests="2" name="sayalee.crossBrowserBugati" time="46.765" errors="0" timestamp="2023-12-15T11:09:08 IST" skipped="0">
  <testcase classname="sayalee.crossBrowserBugati" name="ducati" time="28.171"/>
  <testcase classname="sayalee.crossBrowserBugati" name="ducati" time="18.594"/>
</testsuite> <!-- sayalee.crossBrowserBugati -->
