<?xml version="1.0" encoding="UTF-8"?>
<!-- Generated by org.testng.reporters.JUnitReportReporter -->
<testsuite hostname="LAPTOP-CM51QT3D" failures="0" tests="2" name="dataprovider.ToReadMultipleRowFromExcel" time="14.547" errors="0" timestamp="2023-12-19T16:37:31 IST" skipped="0">
  <testcase classname="dataprovider.ToReadMultipleRowFromExcel" name="EnterDetails" time="6.997"/>
  <testcase classname="dataprovider.ToReadMultipleRowFromExcel" name="EnterDetails" time="7.550"/>
</testsuite> <!-- dataprovider.ToReadMultipleRowFromExcel -->
