<?xml version="1.0" encoding="UTF-8"?>
<!-- Generated by org.testng.reporters.JUnitReportReporter -->
<testsuite hostname="LAPTOP-CM51QT3D" failures="0" tests="1" name="CrossBrowser.Chumbak" time="12.426" errors="0" timestamp="2023-12-18T11:30:47 IST" skipped="0">
  <testcase classname="CrossBrowser.Chumbak" name="chumbak" time="12.426"/>
</testsuite> <!-- CrossBrowser.Chumbak -->
