<?xml version="1.0" encoding="UTF-8"?>
<!-- Generated by org.testng.reporters.JUnitReportReporter -->
<testsuite hostname="LAPTOP-CM51QT3D" failures="0" tests="2" name="sayalee.crossBrowserDucati" time="35.381" errors="0" timestamp="2023-12-15T11:09:08 IST" skipped="0">
  <testcase classname="sayalee.crossBrowserDucati" name="ducati" time="18.104"/>
  <testcase classname="sayalee.crossBrowserDucati" name="ducati" time="17.277"/>
</testsuite> <!-- sayalee.crossBrowserDucati -->
